/pscratch/aramos/QuantumAnnealing/bqm_cluster
Executing the following command: pipenv run python3 main.py 162 600 in directory /home/aramos/scratch/QuantumAnnealing/bqm_cluster using the container /opt/ohpc/pub/containers/SGG.sif

Cargando datos de jornadas/trabajadores 162
Datos Cargados
W: 11, T: 2135, D: 302, S: 53
lagrangeFactor: 10, ancillaryOffset: 23485

Generando Q
Restriccion 1: OK
0.49 GB
Restriccion 2: OK
0.50 GB
Restriccion 4: OK
0.51 GB
Restriccion 5: OK
0.52 GB
Restriccion 6: OK
0.52 GB
Restriccion 7: OK
0.67 GB
Restriccion 3: OK
1.36 GB
Q generado
Usando QPU
Resultados recibidos
Resultados escritos en json/162_600.json
0 horas, 12 minutos, 48 segundos
